<?xml version="1.0" encoding="UTF-8"?>
<!-- Generated by org.testng.reporters.JUnitXMLReporter -->
<testsuite hostname="LAPTOP-5K471UKM" ignored="0" name="Test" tests="4" failures="0" timestamp="21 Jul 2020 09:48:02 GMT" time="38.755" errors="0">
  <testcase name="selectcream" time="12.764" classname="Testpg.Addcreams_pgTest"/>
  <testcase name="checklist" time="1.49" classname="Testpg.Addcreams_pgTest"/>
  <testcase name="addPaymentdetails" time="4.089" classname="Testpg.Addcreams_pgTest"/>
  <testcase name="Successpg" time="3.935" classname="Testpg.Addcreams_pgTest"/>
</testsuite> <!-- Test -->
