<?xml version="1.0" encoding="UTF-8"?>
<!-- Generated by org.testng.reporters.JUnitXMLReporter -->
<testsuite hostname="LAPTOP-5K471UKM" ignored="0" name="Test" tests="4" failures="0" timestamp="21 Jul 2020 09:14:40 GMT" time="72.03" errors="0">
  <testcase name="selectcream" time="18.332" classname="Testpg.Addcreams_pgTest"/>
  <testcase name="checklist" time="1.561" classname="Testpg.Addcreams_pgTest"/>
  <testcase name="addPaymentdetails" time="9.427" classname="Testpg.Addcreams_pgTest"/>
  <testcase name="Successpg" time="8.175" classname="Testpg.Addcreams_pgTest"/>
</testsuite> <!-- Test -->
