<?xml version="1.0" encoding="UTF-8"?>
<testsuite xmlns:xsi="http://www.w3.org/2001/XMLSchema-instance" xsi:noNamespaceSchemaLocation="https://maven.apache.org/surefire/maven-surefire-plugin/xsd/surefire-test-report-3.0.xsd" version="3.0" name="TestSuite" time="79.572" tests="4" errors="0" skipped="0" failures="0">
  <properties>
[...]
</properties>
  <testcase name="selectcream" classname="Testpg.Addcreams_pgTest" time="18.336"/>
  <testcase name="checklist" classname="Testpg.Addcreams_pgTest" time="1.561"/>
  <testcase name="addPaymentdetails" classname="Testpg.Addcreams_pgTest" time="9.429"/>
  <testcase name="Successpg" classname="Testpg.Addcreams_pgTest" time="8.174"/>
</testsuite>